2025-12-11 17:27:15 - __main__ - INFO - Запуск игры...
2025-12-11 17:27:16 - core.keyhandler.KeyHandler - INFO - Настройки успешно загружены из settings/key_bindings.json
2025-12-11 17:28:13 - core.keyhandler.KeyHandler - INFO - RIGHT
2025-12-11 17:28:14 - core.keyhandler.KeyHandler - INFO - UP
2025-12-11 17:28:14 - core.keyhandler.KeyHandler - INFO - LEFT
2025-12-11 17:28:15 - core.keyhandler.KeyHandler - INFO - RIGHT
2025-12-11 17:28:15 - core.keyhandler.KeyHandler - INFO - DOWN
2025-12-11 17:28:16 - core.keyhandler.KeyHandler - INFO - RIGHT
2025-12-11 17:28:16 - core.keyhandler.KeyHandler - INFO - J
2025-12-11 17:28:16 - core.keyhandler.KeyHandler - INFO - U
2025-12-11 17:28:17 - core.keyhandler.KeyHandler - INFO - I
2025-12-11 17:28:17 - core.keyhandler.KeyHandler - INFO - O
2025-12-11 17:28:17 - core.keyhandler.KeyHandler - INFO - J
2025-12-11 17:28:17 - core.keyhandler.KeyHandler - INFO - O
2025-12-11 17:28:17 - core.keyhandler.KeyHandler - INFO - I
2025-12-11 17:28:17 - core.keyhandler.KeyHandler - INFO - Y
2025-12-11 17:28:17 - core.keyhandler.KeyHandler - INFO - I
2025-12-11 17:28:17 - core.keyhandler.KeyHandler - INFO - T
2025-12-11 17:28:17 - core.keyhandler.KeyHandler - INFO - 7
2025-12-11 17:28:17 - core.keyhandler.KeyHandler - INFO - Y
2025-12-11 17:28:17 - core.keyhandler.KeyHandler - INFO - 8
2025-12-11 17:28:24 - core.keyhandler.KeyHandler - INFO - ENTER
2025-12-11 17:28:25 - core.keyhandler.KeyHandler - INFO - UP
2025-12-11 17:28:26 - core.keyhandler.KeyHandler - INFO - RIGHT
2025-12-11 17:28:36 - core.keyhandler.KeyHandler - INFO - RIGHT
2025-12-11 17:28:36 - core.keyhandler.KeyHandler - INFO - DOWN
2025-12-11 17:28:37 - core.keyhandler.KeyHandler - INFO - LEFT
2025-12-11 17:28:37 - core.keyhandler.KeyHandler - INFO - DOWN
2025-12-11 17:28:38 - core.keyhandler.KeyHandler - INFO - RIGHT
2025-12-11 17:28:40 - core.keyhandler.KeyHandler - INFO - UP
2025-12-11 17:28:41 - core.keyhandler.KeyHandler - INFO - RIGHT
2025-12-11 17:28:42 - core.keyhandler.KeyHandler - INFO - DOWN
2025-12-11 17:28:42 - core.keyhandler.KeyHandler - INFO - LEFT
2025-12-11 17:29:23 - __main__ - INFO - Игра завершена

2025-12-11 17:52:19 - __main__ - INFO - Запуск игры...
2025-12-11 17:52:20 - core.keyhandler.KeyHandler - INFO - Настройки успешно загружены из settings/key_bindings.json
2025-12-11 17:52:22 - core.keyhandler.KeyHandler - INFO - F11
2025-12-11 17:52:23 - core.gamepanel.GamePanel - INFO - Включен полноэкранный режим
2025-12-11 17:52:26 - core.keyhandler.KeyHandler - INFO - UP
2025-12-11 17:52:27 - core.keyhandler.KeyHandler - INFO - UP
2025-12-11 17:52:28 - core.keyhandler.KeyHandler - INFO - F11
2025-12-11 17:52:28 - core.gamepanel.GamePanel - INFO - Включен оконный режим
2025-12-11 17:52:30 - core.keyhandler.KeyHandler - INFO - UP
2025-12-11 17:52:30 - core.gamepanel.GamePanel - INFO - Включен полноэкранный режим
2025-12-11 17:52:33 - core.keyhandler.KeyHandler - INFO - UP
2025-12-11 17:52:33 - core.keyhandler.KeyHandler - INFO - DOWN
2025-12-11 17:52:34 - core.keyhandler.KeyHandler - INFO - RIGHT
2025-12-11 17:52:34 - core.keyhandler.KeyHandler - INFO - UP
2025-12-11 17:52:35 - core.keyhandler.KeyHandler - INFO - F11
2025-12-11 17:52:36 - core.gamepanel.GamePanel - INFO - Включен оконный режим
2025-12-11 17:52:37 - core.keyhandler.KeyHandler - INFO - D
2025-12-11 17:52:37 - core.gamepanel.GamePanel - INFO - Включен полноэкранный режим
2025-12-11 17:52:41 - core.keyhandler.KeyHandler - INFO - W
2025-12-11 17:52:41 - core.gamepanel.GamePanel - INFO - Включен оконный режим
2025-12-11 17:52:42 - core.keyhandler.KeyHandler - INFO - W
2025-12-11 17:52:43 - core.keyhandler.KeyHandler - INFO - A
2025-12-11 17:52:44 - core.keyhandler.KeyHandler - INFO - S
2025-12-11 17:52:44 - core.keyhandler.KeyHandler - INFO - D
2025-12-11 17:52:44 - core.keyhandler.KeyHandler - INFO - W
2025-12-11 17:52:45 - core.keyhandler.KeyHandler - INFO - A
2025-12-11 17:52:45 - core.keyhandler.KeyHandler - INFO - S
2025-12-11 17:52:45 - core.keyhandler.KeyHandler - INFO - D
2025-12-11 17:52:45 - core.keyhandler.KeyHandler - INFO - W
2025-12-11 17:52:46 - core.keyhandler.KeyHandler - INFO - A
2025-12-11 17:52:46 - core.keyhandler.KeyHandler - INFO - S
2025-12-11 17:52:46 - core.keyhandler.KeyHandler - INFO - D
2025-12-11 17:52:46 - core.keyhandler.KeyHandler - INFO - W
2025-12-11 17:52:46 - core.keyhandler.KeyHandler - INFO - A
2025-12-11 17:52:47 - core.keyhandler.KeyHandler - INFO - S
2025-12-11 17:52:47 - core.keyhandler.KeyHandler - INFO - D
2025-12-11 17:52:47 - core.keyhandler.KeyHandler - INFO - A
2025-12-11 17:52:48 - core.keyhandler.KeyHandler - INFO - A
2025-12-11 17:52:49 - core.keyhandler.KeyHandler - INFO - W
2025-12-11 17:52:52 - core.keyhandler.KeyHandler - INFO - LCTRL
2025-12-11 17:52:52 - core.keyhandler.KeyHandler - INFO - Q
2025-12-11 17:52:53 - __main__ - INFO - Игра завершена

2025-12-11 17:54:20 - __main__ - INFO - Запуск игры...
2025-12-11 17:54:21 - core.keyhandler.KeyHandler - INFO - Настройки успешно загружены из settings/key_bindings.json
2025-12-11 17:54:23 - core.keyhandler.KeyHandler - INFO - UP
2025-12-11 17:54:24 - core.keyhandler.KeyHandler - INFO - F11
2025-12-11 17:54:24 - core.gamepanel.GamePanel - INFO - Включен полноэкранный режим
2025-12-11 17:54:26 - core.keyhandler.KeyHandler - INFO - UP
2025-12-11 17:54:26 - core.gamepanel.GamePanel - INFO - Включен оконный режим
2025-12-11 17:54:28 - core.keyhandler.KeyHandler - INFO - DOWN
2025-12-11 17:54:29 - core.gamepanel.GamePanel - INFO - Включен полноэкранный режим
2025-12-11 17:54:29 - core.keyhandler.KeyHandler - INFO - DOWN
2025-12-11 17:54:30 - core.gamepanel.GamePanel - INFO - Включен оконный режим
2025-12-11 17:54:31 - core.keyhandler.KeyHandler - INFO - UP
2025-12-11 17:54:31 - core.gamepanel.GamePanel - INFO - Включен полноэкранный режим
2025-12-11 17:54:34 - core.keyhandler.KeyHandler - INFO - UP
2025-12-11 17:54:34 - core.gamepanel.GamePanel - INFO - Включен оконный режим
2025-12-11 17:54:37 - core.keyhandler.KeyHandler - INFO - UP
2025-12-11 17:54:39 - core.keyhandler.KeyHandler - INFO - UP
2025-12-11 17:54:41 - core.keyhandler.KeyHandler - INFO - UP
2025-12-11 17:54:44 - __main__ - INFO - Игра завершена

2025-12-11 17:59:45 - __main__ - INFO - Запуск игры...
2025-12-11 17:59:46 - core.keyhandler.KeyHandler - INFO - Настройки успешно загружены из settings/key_bindings.json
2025-12-11 17:59:47 - core.keyhandler.KeyHandler - INFO - D
2025-12-11 17:59:47 - core.keyhandler.KeyHandler - INFO - S
2025-12-11 17:59:48 - core.keyhandler.KeyHandler - INFO - A
2025-12-11 17:59:48 - core.keyhandler.KeyHandler - INFO - W
2025-12-11 17:59:49 - core.keyhandler.KeyHandler - INFO - D
2025-12-11 17:59:50 - __main__ - INFO - Игра завершена

2025-12-11 17:59:54 - __main__ - INFO - Запуск игры...
2025-12-11 17:59:54 - core.keyhandler.KeyHandler - INFO - Настройки успешно загружены из settings/key_bindings.json
2025-12-11 17:59:56 - __main__ - INFO - Игра завершена

2025-12-11 18:00:45 - __main__ - INFO - Запуск игры...
2025-12-11 18:00:46 - core.keyhandler.KeyHandler - INFO - Настройки успешно загружены из settings/key_bindings.json
2025-12-11 18:00:48 - core.keyhandler.KeyHandler - INFO - LCTRL
2025-12-11 18:00:48 - core.keyhandler.KeyHandler - INFO - Q
2025-12-11 18:00:48 - __main__ - INFO - Игра завершена

2025-12-11 18:01:14 - __main__ - INFO - Запуск игры...
2025-12-11 18:01:14 - core.keyhandler.KeyHandler - INFO - Настройки успешно загружены из settings/key_bindings.json
2025-12-11 18:01:15 - core.gamepanel.GamePanel - INFO - Очистка ресурсов...
2025-12-11 18:01:15 - __main__ - INFO - Игра завершена

2025-12-11 18:02:37 - __main__ - INFO - Запуск игры...
2025-12-11 18:02:38 - __main__ - CRITICAL - Критическая ошибка: '<=' not supported between instances of 'NoneType' and 'float'
Traceback (most recent call last):
  File "/home/Tailin/PycharmProjects/ITCUBIA/src/main.py", line 41, in main
    game = GamePanel()
           ^^^^^^^^^^^
  File "/home/Tailin/PycharmProjects/ITCUBIA/src/core/gamepanel.py", line 32, in __init__
    super().__init__(
  File "/home/Tailin/PycharmProjects/ITCUBIA/.venv/lib/python3.11/site-packages/arcade/application.py", line 267, in __init__
    assert update_rate <= draw_rate, (
           ^^^^^^^^^^^^^^^^^^^^^^^^
TypeError: '<=' not supported between instances of 'NoneType' and 'float'
2025-12-11 18:02:38 - __main__ - INFO - Игра завершена

2025-12-11 18:03:07 - __main__ - INFO - Запуск игры...
2025-12-11 18:03:08 - core.keyhandler.KeyHandler - INFO - Настройки успешно загружены из settings/key_bindings.json
2025-12-11 18:03:09 - core.keyhandler.KeyHandler - INFO - D
2025-12-11 18:03:09 - core.keyhandler.KeyHandler - INFO - S
2025-12-11 18:03:09 - core.keyhandler.KeyHandler - INFO - W
2025-12-11 18:03:10 - core.keyhandler.KeyHandler - INFO - D
2025-12-11 18:03:10 - core.keyhandler.KeyHandler - INFO - A
2025-12-11 18:03:11 - core.gamepanel.GamePanel - INFO - Очистка ресурсов...
2025-12-11 18:03:12 - __main__ - INFO - Игра завершена

2025-12-11 18:06:05 - __main__ - INFO - Запуск игры...
2025-12-11 18:06:05 - core.gamepanel.GamePanel - INFO - Инициализация игры: 960x576
2025-12-11 18:06:06 - core.keyhandler.KeyHandler - INFO - Настройки успешно загружены из settings/key_bindings.json
2025-12-11 18:06:14 - core.gamepanel.GamePanel - INFO - Очистка ресурсов...
2025-12-11 18:06:14 - __main__ - INFO - Игра завершена

2025-12-11 18:08:12 - __main__ - INFO - Запуск игры...
2025-12-11 18:08:12 - core.gamepanel.GamePanel - INFO - Инициализация игры: 960x576
2025-12-11 18:08:13 - core.keyhandler.KeyHandler - INFO - Настройки успешно загружены из settings/key_bindings.json
2025-12-11 18:08:13 - core.keyhandler.KeyHandler - INFO - LCTRL
2025-12-11 18:08:13 - core.keyhandler.KeyHandler - INFO - Q
2025-12-11 18:08:13 - __main__ - INFO - Игра завершена

2025-12-11 18:08:59 - __main__ - INFO - Запуск игры...
2025-12-11 18:08:59 - core.gamepanel.GamePanel - INFO - Инициализация игры: 960x576
2025-12-11 18:08:59 - core.keyhandler.KeyHandler - INFO - Настройки успешно загружены из settings/key_bindings.json
2025-12-11 18:09:01 - core.gamepanel.GamePanel - INFO - Очистка ресурсов...
2025-12-11 18:09:01 - core.keyhandler.KeyHandler - INFO - ✓ Настройки сохранены в settings/key_bindings.json
2025-12-11 18:09:01 - core.gamepanel.GamePanel - INFO - Окно закрыто
2025-12-11 18:09:01 - __main__ - INFO - Игра завершена

2025-12-11 18:09:19 - __main__ - INFO - Запуск игры...
2025-12-11 18:09:19 - core.gamepanel.GamePanel - INFO - Инициализация игры: 960x576
2025-12-11 18:09:19 - core.keyhandler.KeyHandler - INFO - Настройки успешно загружены из settings/key_bindings.json
2025-12-11 18:09:20 - core.keyhandler.KeyHandler - INFO - LCTRL
2025-12-11 18:09:20 - core.keyhandler.KeyHandler - INFO - Q
2025-12-11 18:09:20 - __main__ - INFO - Игра завершена

2025-12-11 18:12:04 - __main__ - INFO - Запуск игры...
2025-12-11 18:12:04 - core.gamepanel.GamePanel - INFO - Инициализация игры: 960x576
2025-12-11 18:12:04 - core.keyhandler.KeyHandler - INFO - Настройки успешно загружены из settings/key_bindings.json
2025-12-11 18:12:08 - core.keyhandler.KeyHandler - INFO - LCTRL
2025-12-11 18:12:08 - core.keyhandler.KeyHandler - INFO - Q
2025-12-11 18:12:08 - core.gamepanel.GamePanel - INFO - Начало плавного завершения...
2025-12-11 18:12:08 - core.keyhandler.KeyHandler - INFO - ✓ Настройки сохранены в settings/key_bindings.json
2025-12-11 18:13:11 - __main__ - INFO - Запуск игры...
2025-12-11 18:13:11 - core.gamepanel.GamePanel - INFO - Инициализация игры: 960x576
2025-12-11 18:13:11 - core.keyhandler.KeyHandler - INFO - Настройки успешно загружены из settings/key_bindings.json
2025-12-11 18:13:13 - core.keyhandler.KeyHandler - INFO - LCTRL
2025-12-11 18:13:13 - core.keyhandler.KeyHandler - INFO - Q
2025-12-11 18:13:13 - core.gamepanel.GamePanel - INFO - Начало плавного завершения...
2025-12-11 18:13:13 - core.keyhandler.KeyHandler - INFO - ✓ Настройки сохранены в settings/key_bindings.json
2025-12-11 18:13:13 - core.gamepanel.GamePanel - INFO - Завершение работы...
2025-12-11 18:13:46 - __main__ - INFO - Запуск игры...
2025-12-11 18:13:46 - core.gamepanel.GamePanel - INFO - Инициализация игры: 960x576
2025-12-11 18:13:46 - core.keyhandler.KeyHandler - INFO - Настройки успешно загружены из settings/key_bindings.json
2025-12-11 18:13:47 - core.keyhandler.KeyHandler - INFO - LCTRL
2025-12-11 18:13:47 - core.keyhandler.KeyHandler - INFO - Q
2025-12-11 18:13:47 - core.gamepanel.GamePanel - INFO - Начало плавного завершения...
2025-12-11 18:13:47 - core.keyhandler.KeyHandler - INFO - ✓ Настройки сохранены в settings/key_bindings.json
2025-12-11 18:13:47 - core.gamepanel.GamePanel - INFO - Завершение работы...
2025-12-11 18:13:57 - __main__ - INFO - Запуск игры...
2025-12-11 18:13:57 - core.gamepanel.GamePanel - INFO - Инициализация игры: 960x576
2025-12-11 18:13:57 - core.keyhandler.KeyHandler - INFO - Настройки успешно загружены из settings/key_bindings.json
2025-12-11 18:13:59 - core.keyhandler.KeyHandler - INFO - LCTRL
2025-12-11 18:13:59 - core.keyhandler.KeyHandler - INFO - Q
2025-12-11 18:13:59 - core.gamepanel.GamePanel - INFO - Начало плавного завершения...
2025-12-11 18:13:59 - core.keyhandler.KeyHandler - INFO - ✓ Настройки сохранены в settings/key_bindings.json
2025-12-11 18:13:59 - core.gamepanel.GamePanel - INFO - Завершение работы...
2025-12-11 18:15:12 - __main__ - INFO - Запуск игры...
2025-12-11 18:15:12 - core.gamepanel.GamePanel - INFO - Инициализация игры: 960x576
2025-12-11 18:15:13 - core.keyhandler.KeyHandler - INFO - Настройки успешно загружены из settings/key_bindings.json
2025-12-11 18:15:14 - core.keyhandler.KeyHandler - INFO - LCTRL
2025-12-11 18:15:14 - core.keyhandler.KeyHandler - INFO - Q
2025-12-11 18:15:14 - core.gamepanel.GamePanel - INFO - Начало плавного завершения...
2025-12-11 18:15:14 - core.keyhandler.KeyHandler - INFO - ✓ Настройки сохранены в settings/key_bindings.json
2025-12-11 18:15:14 - core.gamepanel.GamePanel - INFO - <StreamHandler <stderr> (INFO)> Завершил свою работу.
2025-12-11 18:15:14 - core.gamepanel.GamePanel - INFO - <FileHandler /home/Tailin/PycharmProjects/ITCUBIA/logs/game.log (INFO)> Завершил свою работу.
2025-12-11 18:16:32 - __main__ - INFO - Запуск игры...
2025-12-11 18:16:32 - core.gamepanel.GamePanel - INFO - Инициализация игры: 960x576
2025-12-11 18:16:32 - core.keyhandler.KeyHandler - INFO - Настройки успешно загружены из settings/key_bindings.json
2025-12-11 18:16:34 - core.gamepanel.GamePanel - INFO - Очистка ресурсов...
2025-12-11 18:16:34 - core.keyhandler.KeyHandler - INFO - ✓ Настройки сохранены в settings/key_bindings.json
2025-12-11 18:16:34 - core.gamepanel.GamePanel - INFO - Окно закрыто
2025-12-11 18:16:34 - __main__ - INFO - Игра завершена

2025-12-11 18:19:25 - __main__ - INFO - Запуск игры...
2025-12-11 18:19:25 - core.gamepanel.GamePanel - INFO - Инициализация игры: 960x576
2025-12-11 18:19:25 - core.keyhandler.KeyHandler - INFO - Настройки успешно загружены из settings/key_bindings.json
2025-12-11 18:19:28 - core.gamepanel.GamePanel - INFO - Начало плавного завершения...
2025-12-11 18:19:28 - core.keyhandler.KeyHandler - INFO - ✓ Настройки сохранены в settings/key_bindings.json
2025-12-11 18:19:28 - core.gamepanel.GamePanel - INFO - <StreamHandler <stderr> (INFO)> Завершил свою работу.
2025-12-11 18:19:28 - core.gamepanel.GamePanel - INFO - <FileHandler /home/Tailin/PycharmProjects/ITCUBIA/logs/game.log (INFO)> Завершил свою работу.
2025-12-11 18:19:34 - __main__ - INFO - Запуск игры...
2025-12-11 18:19:34 - core.gamepanel.GamePanel - INFO - Инициализация игры: 960x576
2025-12-11 18:19:35 - core.keyhandler.KeyHandler - INFO - Настройки успешно загружены из settings/key_bindings.json
2025-12-11 18:19:38 - core.gamepanel.GamePanel - INFO - Закрытие окна через крестик...
2025-12-11 18:19:38 - core.gamepanel.GamePanel - INFO - Начало плавного завершения...
2025-12-11 18:19:38 - core.keyhandler.KeyHandler - INFO - ✓ Настройки сохранены в settings/key_bindings.json
2025-12-11 18:19:38 - core.gamepanel.GamePanel - INFO - <StreamHandler <stderr> (INFO)> Завершил свою работу.
2025-12-11 18:19:38 - core.gamepanel.GamePanel - INFO - <FileHandler /home/Tailin/PycharmProjects/ITCUBIA/logs/game.log (INFO)> Завершил свою работу.
2025-12-11 18:22:40 - __main__ - INFO - Запуск игры...
2025-12-11 18:22:40 - core.gamepanel.GamePanel - INFO - Инициализация игры: 960x576
2025-12-11 18:22:40 - core.keyhandler.KeyHandler - INFO - Настройки успешно загружены из settings/key_bindings.json
2025-12-11 18:22:40 - __main__ - CRITICAL - Критическая ошибка: 'GamePanel' object has no attribute 'should_close'
Traceback (most recent call last):
  File "/home/Tailin/PycharmProjects/ITCUBIA/src/main.py", line 43, in main
    arcade.run()
  File "/home/Tailin/PycharmProjects/ITCUBIA/.venv/lib/python3.11/site-packages/arcade/window_commands.py", line 152, in run
    pyglet.app.run(None)
  File "/home/Tailin/PycharmProjects/ITCUBIA/.venv/lib/python3.11/site-packages/pyglet/app/__init__.py", line 79, in run
    event_loop.run(interval)
  File "/home/Tailin/PycharmProjects/ITCUBIA/.venv/lib/python3.11/site-packages/pyglet/app/base.py", line 164, in run
    timeout = self.idle()
              ^^^^^^^^^^^
  File "/home/Tailin/PycharmProjects/ITCUBIA/.venv/lib/python3.11/site-packages/pyglet/app/base.py", line 232, in idle
    self.clock.call_scheduled_functions(dt)
  File "/home/Tailin/PycharmProjects/ITCUBIA/.venv/lib/python3.11/site-packages/pyglet/clock.py", line 217, in call_scheduled_functions
    item.func(now - item.last_ts, *item.args, **item.kwargs)
  File "/home/Tailin/PycharmProjects/ITCUBIA/.venv/lib/python3.11/site-packages/arcade/application.py", line 545, in _dispatch_frame
    self._dispatch_updates(delta_time)
  File "/home/Tailin/PycharmProjects/ITCUBIA/.venv/lib/python3.11/site-packages/arcade/application.py", line 579, in _dispatch_updates
    self.dispatch_event("on_update", GLOBAL_CLOCK.delta_time)
  File "/home/Tailin/PycharmProjects/ITCUBIA/.venv/lib/python3.11/site-packages/pyglet/window/__init__.py", line 685, in dispatch_event
    super().dispatch_event(*args)
  File "/home/Tailin/PycharmProjects/ITCUBIA/.venv/lib/python3.11/site-packages/pyglet/event.py", line 376, in dispatch_event
    raise e
  File "/home/Tailin/PycharmProjects/ITCUBIA/.venv/lib/python3.11/site-packages/pyglet/event.py", line 371, in dispatch_event
    if getattr(self, event_type)(*args):
       ^^^^^^^^^^^^^^^^^^^^^^^^^^^^^^^^
  File "/home/Tailin/PycharmProjects/ITCUBIA/src/core/gamepanel.py", line 78, in on_update
    if self.should_close:
       ^^^^^^^^^^^^^^^^^
AttributeError: 'GamePanel' object has no attribute 'should_close'
2025-12-11 18:22:40 - __main__ - INFO - Игра завершена

2025-12-11 18:25:10 - __main__ - INFO - Запуск игры...
2025-12-11 18:25:10 - core.gamepanel.GamePanel - INFO - Инициализация игры: 960x576
2025-12-11 18:25:11 - core.keyhandler.KeyHandler - INFO - Настройки успешно загружены из settings/key_bindings.json
2025-12-11 18:25:16 - core.gamepanel.GamePanel - INFO - Инициировано завершение работы
2025-12-11 18:25:16 - core.gamepanel.GamePanel - INFO - Выполнение очистки ресурсов...
2025-12-11 18:25:16 - core.keyhandler.KeyHandler - INFO - ✓ Настройки сохранены в settings/key_bindings.json
2025-12-11 18:25:16 - core.gamepanel.GamePanel - INFO - Настройки клавиш сохранены
2025-12-11 18:25:16 - core.gamepanel.GamePanel - INFO - Очистка завершена успешно
2025-12-11 18:25:16 - __main__ - INFO - Игра завершена

2025-12-11 18:25:27 - __main__ - INFO - Запуск игры...
2025-12-11 18:25:27 - core.gamepanel.GamePanel - INFO - Инициализация игры: 960x576
2025-12-11 18:25:28 - core.keyhandler.KeyHandler - INFO - Настройки успешно загружены из settings/key_bindings.json
2025-12-11 18:25:29 - core.gamepanel.GamePanel - INFO - Событие on_close вызвано
2025-12-11 18:25:29 - core.gamepanel.GamePanel - INFO - Выполнение очистки ресурсов...
2025-12-11 18:25:29 - core.keyhandler.KeyHandler - INFO - ✓ Настройки сохранены в settings/key_bindings.json
2025-12-11 18:25:29 - core.gamepanel.GamePanel - INFO - Настройки клавиш сохранены
2025-12-11 18:25:29 - core.gamepanel.GamePanel - INFO - Очистка завершена успешно
2025-12-11 18:25:30 - core.gamepanel.GamePanel - INFO - Окно закрыто
2025-12-11 18:25:30 - __main__ - INFO - Игра завершена

2025-12-11 19:32:04 - __main__ - INFO - Запуск игры...
2025-12-11 19:32:04 - core.gamepanel.GamePanel - INFO - Инициализация игры: 960x576
2025-12-11 19:32:04 - core.keyhandler.KeyHandler - INFO - Настройки успешно загружены из settings/key_bindings.json
2025-12-11 19:32:35 - core.gamepanel.GamePanel - INFO - Инициировано завершение работы
2025-12-11 19:32:35 - core.gamepanel.GamePanel - INFO - Выполнение очистки ресурсов...
2025-12-11 19:32:35 - core.keyhandler.KeyHandler - INFO - ✓ Настройки сохранены в settings/key_bindings.json
2025-12-11 19:32:35 - core.gamepanel.GamePanel - INFO - Настройки клавиш сохранены
2025-12-11 19:32:35 - core.gamepanel.GamePanel - INFO - Очистка завершена успешно
2025-12-11 19:32:36 - __main__ - INFO - Игра завершена

